<?xml version="1.0" encoding="UTF-8"?>
<coverage generated="1500224584501" clover="3.2.0">
  <project timestamp="1500224584501" name="All files">
    <metrics statements="67" coveredstatements="67" conditionals="22" coveredconditionals="22" methods="39" coveredmethods="31" elements="128" coveredelements="120" complexity="0" loc="67" ncloc="67" packages="2" files="5" classes="5">
      <package name="components">
        <metrics statements="60" coveredstatements="60" conditionals="20" coveredconditionals="20" methods="33" coveredmethods="25"/>
        <file name="Legend.js" path="/Users/kalebfergin/Desktop/Current Work/Kaleb/line-graph-react-component/src/scripts/components/Legend.js">
          <metrics statements="13" coveredstatements="13" conditionals="2" coveredconditionals="2" methods="9" coveredmethods="7"/>
          <line num="6" count="1" type="stmt"/>
          <line num="7" count="5" type="stmt"/>
          <line num="9" count="12" type="stmt"/>
          <line num="21" count="3" type="stmt"/>
          <line num="22" count="3" type="stmt"/>
          <line num="25" count="2" type="cond" truecount="2" falsecount="0"/>
          <line num="26" count="1" type="stmt"/>
          <line num="30" count="5" type="stmt"/>
          <line num="31" count="5" type="stmt"/>
          <line num="32" count="5" type="stmt"/>
          <line num="33" count="5" type="stmt"/>
          <line num="44" count="5" type="stmt"/>
          <line num="46" count="5" type="stmt"/>
        </file>
        <file name="Line.js" path="/Users/kalebfergin/Desktop/Current Work/Kaleb/line-graph-react-component/src/scripts/components/Line.js">
          <metrics statements="9" coveredstatements="9" conditionals="2" coveredconditionals="2" methods="6" coveredmethods="4"/>
          <line num="6" count="2" type="stmt"/>
          <line num="7" count="7" type="stmt"/>
          <line num="8" count="7" type="stmt"/>
          <line num="15" count="7" type="stmt"/>
          <line num="16" count="7" type="stmt"/>
          <line num="17" count="7" type="stmt"/>
          <line num="21" count="21" type="stmt"/>
          <line num="27" count="7" type="stmt"/>
          <line num="28" count="21" type="cond" truecount="2" falsecount="0"/>
        </file>
        <file name="XLabels.js" path="/Users/kalebfergin/Desktop/Current Work/Kaleb/line-graph-react-component/src/scripts/components/XLabels.js">
          <metrics statements="20" coveredstatements="20" conditionals="8" coveredconditionals="8" methods="9" coveredmethods="7"/>
          <line num="6" count="1" type="stmt"/>
          <line num="7" count="6" type="stmt"/>
          <line num="9" count="16" type="cond" truecount="2" falsecount="0"/>
          <line num="10" count="4" type="stmt"/>
          <line num="12" count="12" type="stmt"/>
          <line num="28" count="4" type="stmt"/>
          <line num="29" count="4" type="stmt"/>
          <line num="32" count="2" type="cond" truecount="2" falsecount="0"/>
          <line num="33" count="1" type="stmt"/>
          <line num="37" count="6" type="stmt"/>
          <line num="38" count="6" type="cond" truecount="2" falsecount="0"/>
          <line num="39" count="6" type="stmt"/>
          <line num="40" count="6" type="cond" truecount="2" falsecount="0"/>
          <line num="41" count="2" type="stmt"/>
          <line num="42" count="2" type="stmt"/>
          <line num="44" count="6" type="stmt"/>
          <line num="45" count="6" type="stmt"/>
          <line num="46" count="6" type="stmt"/>
          <line num="57" count="6" type="stmt"/>
          <line num="59" count="6" type="stmt"/>
        </file>
        <file name="YLabels.js" path="/Users/kalebfergin/Desktop/Current Work/Kaleb/line-graph-react-component/src/scripts/components/YLabels.js">
          <metrics statements="18" coveredstatements="18" conditionals="8" coveredconditionals="8" methods="9" coveredmethods="7"/>
          <line num="4" count="1" type="stmt"/>
          <line num="5" count="6" type="stmt"/>
          <line num="7" count="15" type="stmt"/>
          <line num="8" count="15" type="stmt"/>
          <line num="25" count="4" type="stmt"/>
          <line num="26" count="4" type="stmt"/>
          <line num="29" count="2" type="cond" truecount="2" falsecount="0"/>
          <line num="30" count="1" type="stmt"/>
          <line num="34" count="6" type="stmt"/>
          <line num="35" count="6" type="cond" truecount="2" falsecount="0"/>
          <line num="36" count="6" type="stmt"/>
          <line num="37" count="6" type="cond" truecount="2" falsecount="0"/>
          <line num="38" count="1" type="stmt"/>
          <line num="40" count="6" type="stmt"/>
          <line num="41" count="6" type="stmt"/>
          <line num="42" count="6" type="stmt"/>
          <line num="53" count="6" type="stmt"/>
          <line num="55" count="6" type="stmt"/>
        </file>
      </package>
      <package name="containers">
        <metrics statements="7" coveredstatements="7" conditionals="2" coveredconditionals="2" methods="6" coveredmethods="6"/>
        <file name="LineContainer.js" path="/Users/kalebfergin/Desktop/Current Work/Kaleb/line-graph-react-component/src/scripts/containers/LineContainer.js">
          <metrics statements="7" coveredstatements="7" conditionals="2" coveredconditionals="2" methods="6" coveredmethods="6"/>
          <line num="7" count="3" type="stmt"/>
          <line num="8" count="3" type="stmt"/>
          <line num="11" count="5" type="stmt"/>
          <line num="12" count="15" type="stmt"/>
          <line num="18" count="3" type="cond" truecount="2" falsecount="0"/>
          <line num="19" count="2" type="stmt"/>
          <line num="26" count="6" type="stmt"/>
        </file>
      </package>
    </metrics>
  </project>
</coverage>
