{"/Users/kalebfergin/Desktop/Current Work/Kaleb/line-graph-react-component/src/scripts/components/Legend.js": {"path":"/Users/kalebfergin/Desktop/Current Work/Kaleb/line-graph-react-component/src/scripts/components/Legend.js","statementMap":{"0":{"start":{"line":6,"column":24},"end":{"line":17,"column":1}},"1":{"start":{"line":7,"column":1},"end":{"line":16,"column":6}},"2":{"start":{"line":9,"column":3},"end":{"line":14,"column":8}},"3":{"start":{"line":21,"column":2},"end":{"line":21,"column":15}},"4":{"start":{"line":22,"column":2},"end":{"line":22,"column":39}},"5":{"start":{"line":25,"column":2},"end":{"line":27,"column":3}},"6":{"start":{"line":26,"column":3},"end":{"line":26,"column":42}},"7":{"start":{"line":30,"column":26},"end":{"line":30,"column":36}},"8":{"start":{"line":31,"column":15},"end":{"line":31,"column":35}},"9":{"start":{"line":31,"column":22},"end":{"line":31,"column":34}},"10":{"start":{"line":32,"column":15},"end":{"line":32,"column":43}},"11":{"start":{"line":32,"column":22},"end":{"line":32,"column":42}},"12":{"start":{"line":33,"column":2},"end":{"line":54,"column":4}},"13":{"start":{"line":44,"column":5},"end":{"line":51,"column":11}},"14":{"start":{"line":46,"column":7},"end":{"line":49,"column":9}}},"fnMap":{"0":{"name":"(anonymous_0)","decl":{"start":{"line":6,"column":24},"end":{"line":6,"column":25}},"loc":{"start":{"line":7,"column":1},"end":{"line":16,"column":6}},"line":7},"1":{"name":"(anonymous_1)","decl":{"start":{"line":8,"column":13},"end":{"line":8,"column":14}},"loc":{"start":{"line":9,"column":3},"end":{"line":14,"column":8}},"line":9},"2":{"name":"(anonymous_2)","decl":{"start":{"line":20,"column":1},"end":{"line":20,"column":2}},"loc":{"start":{"line":20,"column":20},"end":{"line":23,"column":2}},"line":20},"3":{"name":"(anonymous_3)","decl":{"start":{"line":24,"column":1},"end":{"line":24,"column":2}},"loc":{"start":{"line":24,"column":38},"end":{"line":28,"column":2}},"line":24},"4":{"name":"(anonymous_4)","decl":{"start":{"line":29,"column":1},"end":{"line":29,"column":2}},"loc":{"start":{"line":29,"column":10},"end":{"line":55,"column":2}},"line":29},"5":{"name":"(anonymous_5)","decl":{"start":{"line":31,"column":15},"end":{"line":31,"column":16}},"loc":{"start":{"line":31,"column":22},"end":{"line":31,"column":34}},"line":31},"6":{"name":"(anonymous_6)","decl":{"start":{"line":32,"column":15},"end":{"line":32,"column":16}},"loc":{"start":{"line":32,"column":22},"end":{"line":32,"column":42}},"line":32},"7":{"name":"(anonymous_7)","decl":{"start":{"line":43,"column":5},"end":{"line":43,"column":6}},"loc":{"start":{"line":44,"column":5},"end":{"line":51,"column":11}},"line":44},"8":{"name":"(anonymous_8)","decl":{"start":{"line":45,"column":21},"end":{"line":45,"column":22}},"loc":{"start":{"line":46,"column":7},"end":{"line":49,"column":9}},"line":46}},"branchMap":{"0":{"loc":{"start":{"line":25,"column":2},"end":{"line":27,"column":3}},"type":"if","locations":[{"start":{"line":25,"column":2},"end":{"line":27,"column":3}},{"start":{"line":25,"column":2},"end":{"line":27,"column":3}}],"line":25}},"s":{"0":1,"1":5,"2":12,"3":3,"4":3,"5":2,"6":1,"7":5,"8":5,"9":0,"10":5,"11":0,"12":5,"13":5,"14":5},"f":{"0":5,"1":12,"2":3,"3":2,"4":5,"5":0,"6":0,"7":5,"8":5},"b":{"0":[1,1]},"_coverageSchema":"332fd63041d2c1bcb487cc26dd0d5f7d97098a6c","hash":"00be25bf72acaad5835bd410f95b1a16113e8bfa"}
,"/Users/kalebfergin/Desktop/Current Work/Kaleb/line-graph-react-component/src/scripts/components/Line.js": {"path":"/Users/kalebfergin/Desktop/Current Work/Kaleb/line-graph-react-component/src/scripts/components/Line.js","statementMap":{"0":{"start":{"line":6,"column":13},"end":{"line":34,"column":1}},"1":{"start":{"line":7,"column":20},"end":{"line":7,"column":43}},"2":{"start":{"line":8,"column":14},"end":{"line":14,"column":2}},"3":{"start":{"line":15,"column":19},"end":{"line":15,"column":42}},"4":{"start":{"line":15,"column":26},"end":{"line":15,"column":41}},"5":{"start":{"line":16,"column":19},"end":{"line":16,"column":77}},"6":{"start":{"line":16,"column":26},"end":{"line":16,"column":76}},"7":{"start":{"line":17,"column":1},"end":{"line":33,"column":3}},"8":{"start":{"line":21,"column":33},"end":{"line":24,"column":4}},"9":{"start":{"line":27,"column":4},"end":{"line":30,"column":6}},"10":{"start":{"line":28,"column":42},"end":{"line":28,"column":92}}},"fnMap":{"0":{"name":"(anonymous_0)","decl":{"start":{"line":6,"column":13},"end":{"line":6,"column":14}},"loc":{"start":{"line":6,"column":56},"end":{"line":34,"column":1}},"line":6},"1":{"name":"(anonymous_1)","decl":{"start":{"line":15,"column":19},"end":{"line":15,"column":20}},"loc":{"start":{"line":15,"column":26},"end":{"line":15,"column":41}},"line":15},"2":{"name":"(anonymous_2)","decl":{"start":{"line":16,"column":19},"end":{"line":16,"column":20}},"loc":{"start":{"line":16,"column":26},"end":{"line":16,"column":76}},"line":16},"3":{"name":"(anonymous_3)","decl":{"start":{"line":21,"column":22},"end":{"line":21,"column":23}},"loc":{"start":{"line":21,"column":33},"end":{"line":24,"column":4}},"line":21},"4":{"name":"(anonymous_4)","decl":{"start":{"line":26,"column":4},"end":{"line":26,"column":5}},"loc":{"start":{"line":27,"column":4},"end":{"line":30,"column":6}},"line":27},"5":{"name":"(anonymous_5)","decl":{"start":{"line":28,"column":27},"end":{"line":28,"column":28}},"loc":{"start":{"line":28,"column":42},"end":{"line":28,"column":92}},"line":28}},"branchMap":{"0":{"loc":{"start":{"line":28,"column":52},"end":{"line":28,"column":64}},"type":"cond-expr","locations":[{"start":{"line":28,"column":56},"end":{"line":28,"column":59}},{"start":{"line":28,"column":62},"end":{"line":28,"column":64}}],"line":28}},"s":{"0":2,"1":7,"2":7,"3":7,"4":0,"5":7,"6":0,"7":7,"8":21,"9":7,"10":21},"f":{"0":7,"1":0,"2":0,"3":21,"4":7,"5":21},"b":{"0":[14,7]},"_coverageSchema":"332fd63041d2c1bcb487cc26dd0d5f7d97098a6c","hash":"6a6321aa2915a8d23cb583f9270d7053590e7c09"}
,"/Users/kalebfergin/Desktop/Current Work/Kaleb/line-graph-react-component/src/scripts/components/XLabels.js": {"path":"/Users/kalebfergin/Desktop/Current Work/Kaleb/line-graph-react-component/src/scripts/components/XLabels.js","statementMap":{"0":{"start":{"line":6,"column":25},"end":{"line":24,"column":1}},"1":{"start":{"line":7,"column":1},"end":{"line":23,"column":5}},"2":{"start":{"line":9,"column":3},"end":{"line":11,"column":4}},"3":{"start":{"line":10,"column":4},"end":{"line":10,"column":77}},"4":{"start":{"line":12,"column":3},"end":{"line":21,"column":5}},"5":{"start":{"line":28,"column":2},"end":{"line":28,"column":15}},"6":{"start":{"line":29,"column":2},"end":{"line":29,"column":39}},"7":{"start":{"line":32,"column":2},"end":{"line":34,"column":3}},"8":{"start":{"line":33,"column":3},"end":{"line":33,"column":42}},"9":{"start":{"line":37,"column":40},"end":{"line":37,"column":50}},"10":{"start":{"line":38,"column":15},"end":{"line":38,"column":38}},"11":{"start":{"line":39,"column":14},"end":{"line":39,"column":39}},"12":{"start":{"line":40,"column":2},"end":{"line":43,"column":3}},"13":{"start":{"line":41,"column":3},"end":{"line":41,"column":48}},"14":{"start":{"line":42,"column":3},"end":{"line":42,"column":39}},"15":{"start":{"line":44,"column":20},"end":{"line":44,"column":40}},"16":{"start":{"line":44,"column":27},"end":{"line":44,"column":39}},"17":{"start":{"line":45,"column":15},"end":{"line":45,"column":43}},"18":{"start":{"line":45,"column":22},"end":{"line":45,"column":42}},"19":{"start":{"line":46,"column":2},"end":{"line":70,"column":4}},"20":{"start":{"line":57,"column":5},"end":{"line":67,"column":9}},"21":{"start":{"line":59,"column":7},"end":{"line":65,"column":9}}},"fnMap":{"0":{"name":"(anonymous_0)","decl":{"start":{"line":6,"column":25},"end":{"line":6,"column":26}},"loc":{"start":{"line":7,"column":1},"end":{"line":23,"column":5}},"line":7},"1":{"name":"(anonymous_1)","decl":{"start":{"line":8,"column":14},"end":{"line":8,"column":15}},"loc":{"start":{"line":8,"column":28},"end":{"line":22,"column":3}},"line":8},"2":{"name":"(anonymous_2)","decl":{"start":{"line":27,"column":1},"end":{"line":27,"column":2}},"loc":{"start":{"line":27,"column":20},"end":{"line":30,"column":2}},"line":27},"3":{"name":"(anonymous_3)","decl":{"start":{"line":31,"column":1},"end":{"line":31,"column":2}},"loc":{"start":{"line":31,"column":38},"end":{"line":35,"column":2}},"line":31},"4":{"name":"(anonymous_4)","decl":{"start":{"line":36,"column":1},"end":{"line":36,"column":2}},"loc":{"start":{"line":36,"column":10},"end":{"line":71,"column":2}},"line":36},"5":{"name":"(anonymous_5)","decl":{"start":{"line":44,"column":20},"end":{"line":44,"column":21}},"loc":{"start":{"line":44,"column":27},"end":{"line":44,"column":39}},"line":44},"6":{"name":"(anonymous_6)","decl":{"start":{"line":45,"column":15},"end":{"line":45,"column":16}},"loc":{"start":{"line":45,"column":22},"end":{"line":45,"column":42}},"line":45},"7":{"name":"(anonymous_7)","decl":{"start":{"line":56,"column":5},"end":{"line":56,"column":6}},"loc":{"start":{"line":57,"column":5},"end":{"line":67,"column":9}},"line":57},"8":{"name":"(anonymous_8)","decl":{"start":{"line":58,"column":21},"end":{"line":58,"column":22}},"loc":{"start":{"line":59,"column":7},"end":{"line":65,"column":9}},"line":59}},"branchMap":{"0":{"loc":{"start":{"line":9,"column":3},"end":{"line":11,"column":4}},"type":"if","locations":[{"start":{"line":9,"column":3},"end":{"line":11,"column":4}},{"start":{"line":9,"column":3},"end":{"line":11,"column":4}}],"line":9},"1":{"loc":{"start":{"line":32,"column":2},"end":{"line":34,"column":3}},"type":"if","locations":[{"start":{"line":32,"column":2},"end":{"line":34,"column":3}},{"start":{"line":32,"column":2},"end":{"line":34,"column":3}}],"line":32},"2":{"loc":{"start":{"line":38,"column":15},"end":{"line":38,"column":38}},"type":"binary-expr","locations":[{"start":{"line":38,"column":15},"end":{"line":38,"column":28}},{"start":{"line":38,"column":32},"end":{"line":38,"column":38}}],"line":38},"3":{"loc":{"start":{"line":40,"column":2},"end":{"line":43,"column":3}},"type":"if","locations":[{"start":{"line":40,"column":2},"end":{"line":43,"column":3}},{"start":{"line":40,"column":2},"end":{"line":43,"column":3}}],"line":40}},"s":{"0":1,"1":6,"2":16,"3":4,"4":12,"5":4,"6":4,"7":2,"8":1,"9":6,"10":6,"11":6,"12":6,"13":2,"14":2,"15":6,"16":0,"17":6,"18":0,"19":6,"20":6,"21":6},"f":{"0":6,"1":16,"2":4,"3":2,"4":6,"5":0,"6":0,"7":6,"8":6},"b":{"0":[4,12],"1":[1,1],"2":[6,3],"3":[2,4]},"_coverageSchema":"332fd63041d2c1bcb487cc26dd0d5f7d97098a6c","hash":"caa6211b7c117625d88f58f8b6e68e992f63f1e8"}
,"/Users/kalebfergin/Desktop/Current Work/Kaleb/line-graph-react-component/src/scripts/components/YLabels.js": {"path":"/Users/kalebfergin/Desktop/Current Work/Kaleb/line-graph-react-component/src/scripts/components/YLabels.js","statementMap":{"0":{"start":{"line":4,"column":25},"end":{"line":21,"column":1}},"1":{"start":{"line":5,"column":1},"end":{"line":20,"column":5}},"2":{"start":{"line":7,"column":21},"end":{"line":7,"column":37}},"3":{"start":{"line":8,"column":3},"end":{"line":18,"column":4}},"4":{"start":{"line":25,"column":2},"end":{"line":25,"column":15}},"5":{"start":{"line":26,"column":2},"end":{"line":26,"column":39}},"6":{"start":{"line":29,"column":2},"end":{"line":31,"column":3}},"7":{"start":{"line":30,"column":3},"end":{"line":30,"column":42}},"8":{"start":{"line":34,"column":32},"end":{"line":34,"column":42}},"9":{"start":{"line":35,"column":15},"end":{"line":35,"column":38}},"10":{"start":{"line":36,"column":14},"end":{"line":36,"column":42}},"11":{"start":{"line":37,"column":2},"end":{"line":39,"column":3}},"12":{"start":{"line":38,"column":3},"end":{"line":38,"column":48}},"13":{"start":{"line":40,"column":20},"end":{"line":40,"column":40}},"14":{"start":{"line":40,"column":27},"end":{"line":40,"column":39}},"15":{"start":{"line":41,"column":20},"end":{"line":41,"column":48}},"16":{"start":{"line":41,"column":27},"end":{"line":41,"column":47}},"17":{"start":{"line":42,"column":2},"end":{"line":67,"column":4}},"18":{"start":{"line":53,"column":5},"end":{"line":64,"column":9}},"19":{"start":{"line":55,"column":7},"end":{"line":62,"column":9}}},"fnMap":{"0":{"name":"(anonymous_0)","decl":{"start":{"line":4,"column":25},"end":{"line":4,"column":26}},"loc":{"start":{"line":5,"column":1},"end":{"line":20,"column":5}},"line":5},"1":{"name":"(anonymous_1)","decl":{"start":{"line":6,"column":14},"end":{"line":6,"column":15}},"loc":{"start":{"line":6,"column":28},"end":{"line":19,"column":3}},"line":6},"2":{"name":"(anonymous_2)","decl":{"start":{"line":24,"column":1},"end":{"line":24,"column":2}},"loc":{"start":{"line":24,"column":20},"end":{"line":27,"column":2}},"line":24},"3":{"name":"(anonymous_3)","decl":{"start":{"line":28,"column":1},"end":{"line":28,"column":2}},"loc":{"start":{"line":28,"column":38},"end":{"line":32,"column":2}},"line":28},"4":{"name":"(anonymous_4)","decl":{"start":{"line":33,"column":1},"end":{"line":33,"column":2}},"loc":{"start":{"line":33,"column":10},"end":{"line":68,"column":2}},"line":33},"5":{"name":"(anonymous_5)","decl":{"start":{"line":40,"column":20},"end":{"line":40,"column":21}},"loc":{"start":{"line":40,"column":27},"end":{"line":40,"column":39}},"line":40},"6":{"name":"(anonymous_6)","decl":{"start":{"line":41,"column":20},"end":{"line":41,"column":21}},"loc":{"start":{"line":41,"column":27},"end":{"line":41,"column":47}},"line":41},"7":{"name":"(anonymous_7)","decl":{"start":{"line":52,"column":5},"end":{"line":52,"column":6}},"loc":{"start":{"line":53,"column":5},"end":{"line":64,"column":9}},"line":53},"8":{"name":"(anonymous_8)","decl":{"start":{"line":54,"column":21},"end":{"line":54,"column":22}},"loc":{"start":{"line":55,"column":7},"end":{"line":62,"column":9}},"line":55}},"branchMap":{"0":{"loc":{"start":{"line":16,"column":6},"end":{"line":16,"column":61}},"type":"cond-expr","locations":[{"start":{"line":16,"column":14},"end":{"line":16,"column":54}},{"start":{"line":16,"column":57},"end":{"line":16,"column":61}}],"line":16},"1":{"loc":{"start":{"line":29,"column":2},"end":{"line":31,"column":3}},"type":"if","locations":[{"start":{"line":29,"column":2},"end":{"line":31,"column":3}},{"start":{"line":29,"column":2},"end":{"line":31,"column":3}}],"line":29},"2":{"loc":{"start":{"line":35,"column":15},"end":{"line":35,"column":38}},"type":"binary-expr","locations":[{"start":{"line":35,"column":15},"end":{"line":35,"column":28}},{"start":{"line":35,"column":32},"end":{"line":35,"column":38}}],"line":35},"3":{"loc":{"start":{"line":37,"column":2},"end":{"line":39,"column":3}},"type":"if","locations":[{"start":{"line":37,"column":2},"end":{"line":39,"column":3}},{"start":{"line":37,"column":2},"end":{"line":39,"column":3}}],"line":37}},"s":{"0":1,"1":6,"2":15,"3":15,"4":4,"5":4,"6":2,"7":1,"8":6,"9":6,"10":6,"11":6,"12":1,"13":6,"14":0,"15":6,"16":0,"17":6,"18":6,"19":6},"f":{"0":6,"1":15,"2":4,"3":2,"4":6,"5":0,"6":0,"7":6,"8":6},"b":{"0":[12,3],"1":[1,1],"2":[6,2],"3":[1,5]},"_coverageSchema":"332fd63041d2c1bcb487cc26dd0d5f7d97098a6c","hash":"fd7a41d5450d08560860b72dcf34fba063370990"}
,"/Users/kalebfergin/Desktop/Current Work/Kaleb/line-graph-react-component/src/scripts/containers/LineContainer.js": {"path":"/Users/kalebfergin/Desktop/Current Work/Kaleb/line-graph-react-component/src/scripts/containers/LineContainer.js","statementMap":{"0":{"start":{"line":7,"column":2},"end":{"line":7,"column":15}},"1":{"start":{"line":8,"column":2},"end":{"line":8,"column":66}},"2":{"start":{"line":11,"column":58},"end":{"line":11,"column":63}},"3":{"start":{"line":12,"column":2},"end":{"line":15,"column":6}},"4":{"start":{"line":12,"column":35},"end":{"line":15,"column":3}},"5":{"start":{"line":18,"column":2},"end":{"line":23,"column":3}},"6":{"start":{"line":19,"column":3},"end":{"line":22,"column":7}},"7":{"start":{"line":19,"column":33},"end":{"line":22,"column":4}},"8":{"start":{"line":26,"column":2},"end":{"line":33,"column":4}}},"fnMap":{"0":{"name":"(anonymous_0)","decl":{"start":{"line":6,"column":1},"end":{"line":6,"column":2}},"loc":{"start":{"line":6,"column":20},"end":{"line":9,"column":2}},"line":6},"1":{"name":"(anonymous_1)","decl":{"start":{"line":10,"column":1},"end":{"line":10,"column":2}},"loc":{"start":{"line":10,"column":19},"end":{"line":16,"column":2}},"line":10},"2":{"name":"(anonymous_2)","decl":{"start":{"line":12,"column":20},"end":{"line":12,"column":21}},"loc":{"start":{"line":12,"column":35},"end":{"line":15,"column":3}},"line":12},"3":{"name":"(anonymous_3)","decl":{"start":{"line":17,"column":1},"end":{"line":17,"column":2}},"loc":{"start":{"line":17,"column":38},"end":{"line":24,"column":2}},"line":17},"4":{"name":"(anonymous_4)","decl":{"start":{"line":19,"column":17},"end":{"line":19,"column":18}},"loc":{"start":{"line":19,"column":33},"end":{"line":22,"column":4}},"line":19},"5":{"name":"(anonymous_5)","decl":{"start":{"line":25,"column":1},"end":{"line":25,"column":2}},"loc":{"start":{"line":25,"column":10},"end":{"line":34,"column":2}},"line":25}},"branchMap":{"0":{"loc":{"start":{"line":18,"column":2},"end":{"line":23,"column":3}},"type":"if","locations":[{"start":{"line":18,"column":2},"end":{"line":23,"column":3}},{"start":{"line":18,"column":2},"end":{"line":23,"column":3}}],"line":18}},"s":{"0":3,"1":3,"2":5,"3":5,"4":15,"5":3,"6":2,"7":2,"8":6},"f":{"0":3,"1":5,"2":15,"3":3,"4":2,"5":6},"b":{"0":[2,1]},"_coverageSchema":"332fd63041d2c1bcb487cc26dd0d5f7d97098a6c","hash":"6ad5075cbe0728fd975fb4f556b4cd4b2a264f07"}
}
