TN:
SF:/Users/kalebfergin/Desktop/Current Work/Kaleb/line-graph-react-component/src/scripts/components/Legend.js
FN:6,(anonymous_0)
FN:8,(anonymous_1)
FN:20,(anonymous_2)
FN:24,(anonymous_3)
FN:29,(anonymous_4)
FN:31,(anonymous_5)
FN:32,(anonymous_6)
FN:43,(anonymous_7)
FN:45,(anonymous_8)
FNF:9
FNH:7
FNDA:5,(anonymous_0)
FNDA:12,(anonymous_1)
FNDA:3,(anonymous_2)
FNDA:2,(anonymous_3)
FNDA:5,(anonymous_4)
FNDA:0,(anonymous_5)
FNDA:0,(anonymous_6)
FNDA:5,(anonymous_7)
FNDA:5,(anonymous_8)
DA:6,1
DA:7,5
DA:9,12
DA:21,3
DA:22,3
DA:25,2
DA:26,1
DA:30,5
DA:31,5
DA:32,5
DA:33,5
DA:44,5
DA:46,5
LF:13
LH:13
BRDA:25,0,0,1
BRDA:25,0,1,1
BRF:2
BRH:2
end_of_record
TN:
SF:/Users/kalebfergin/Desktop/Current Work/Kaleb/line-graph-react-component/src/scripts/components/Line.js
FN:6,(anonymous_0)
FN:15,(anonymous_1)
FN:16,(anonymous_2)
FN:21,(anonymous_3)
FN:26,(anonymous_4)
FN:28,(anonymous_5)
FNF:6
FNH:4
FNDA:7,(anonymous_0)
FNDA:0,(anonymous_1)
FNDA:0,(anonymous_2)
FNDA:21,(anonymous_3)
FNDA:7,(anonymous_4)
FNDA:21,(anonymous_5)
DA:6,2
DA:7,7
DA:8,7
DA:15,7
DA:16,7
DA:17,7
DA:21,21
DA:27,7
DA:28,21
LF:9
LH:9
BRDA:28,0,0,14
BRDA:28,0,1,7
BRF:2
BRH:2
end_of_record
TN:
SF:/Users/kalebfergin/Desktop/Current Work/Kaleb/line-graph-react-component/src/scripts/components/XLabels.js
FN:6,(anonymous_0)
FN:8,(anonymous_1)
FN:27,(anonymous_2)
FN:31,(anonymous_3)
FN:36,(anonymous_4)
FN:44,(anonymous_5)
FN:45,(anonymous_6)
FN:56,(anonymous_7)
FN:58,(anonymous_8)
FNF:9
FNH:7
FNDA:6,(anonymous_0)
FNDA:16,(anonymous_1)
FNDA:4,(anonymous_2)
FNDA:2,(anonymous_3)
FNDA:6,(anonymous_4)
FNDA:0,(anonymous_5)
FNDA:0,(anonymous_6)
FNDA:6,(anonymous_7)
FNDA:6,(anonymous_8)
DA:6,1
DA:7,6
DA:9,16
DA:10,4
DA:12,12
DA:28,4
DA:29,4
DA:32,2
DA:33,1
DA:37,6
DA:38,6
DA:39,6
DA:40,6
DA:41,2
DA:42,2
DA:44,6
DA:45,6
DA:46,6
DA:57,6
DA:59,6
LF:20
LH:20
BRDA:9,0,0,4
BRDA:9,0,1,12
BRDA:32,1,0,1
BRDA:32,1,1,1
BRDA:38,2,0,6
BRDA:38,2,1,3
BRDA:40,3,0,2
BRDA:40,3,1,4
BRF:8
BRH:8
end_of_record
TN:
SF:/Users/kalebfergin/Desktop/Current Work/Kaleb/line-graph-react-component/src/scripts/components/YLabels.js
FN:4,(anonymous_0)
FN:6,(anonymous_1)
FN:24,(anonymous_2)
FN:28,(anonymous_3)
FN:33,(anonymous_4)
FN:40,(anonymous_5)
FN:41,(anonymous_6)
FN:52,(anonymous_7)
FN:54,(anonymous_8)
FNF:9
FNH:7
FNDA:6,(anonymous_0)
FNDA:15,(anonymous_1)
FNDA:4,(anonymous_2)
FNDA:2,(anonymous_3)
FNDA:6,(anonymous_4)
FNDA:0,(anonymous_5)
FNDA:0,(anonymous_6)
FNDA:6,(anonymous_7)
FNDA:6,(anonymous_8)
DA:4,1
DA:5,6
DA:7,15
DA:8,15
DA:25,4
DA:26,4
DA:29,2
DA:30,1
DA:34,6
DA:35,6
DA:36,6
DA:37,6
DA:38,1
DA:40,6
DA:41,6
DA:42,6
DA:53,6
DA:55,6
LF:18
LH:18
BRDA:16,0,0,12
BRDA:16,0,1,3
BRDA:29,1,0,1
BRDA:29,1,1,1
BRDA:35,2,0,6
BRDA:35,2,1,2
BRDA:37,3,0,1
BRDA:37,3,1,5
BRF:8
BRH:8
end_of_record
TN:
SF:/Users/kalebfergin/Desktop/Current Work/Kaleb/line-graph-react-component/src/scripts/containers/LineContainer.js
FN:6,(anonymous_0)
FN:10,(anonymous_1)
FN:12,(anonymous_2)
FN:17,(anonymous_3)
FN:19,(anonymous_4)
FN:25,(anonymous_5)
FNF:6
FNH:6
FNDA:3,(anonymous_0)
FNDA:5,(anonymous_1)
FNDA:15,(anonymous_2)
FNDA:3,(anonymous_3)
FNDA:2,(anonymous_4)
FNDA:6,(anonymous_5)
DA:7,3
DA:8,3
DA:11,5
DA:12,15
DA:18,3
DA:19,2
DA:26,6
LF:7
LH:7
BRDA:18,0,0,2
BRDA:18,0,1,1
BRF:2
BRH:2
end_of_record
